mode: set
git.sr.ht/~jamesponddotco/xstd-go/xerrors/error.go:9.31,11.2 1 1
git.sr.ht/~jamesponddotco/xstd-go/xcrypto/xrand/bytes.go:19.29,21.2 1 1
git.sr.ht/~jamesponddotco/xstd-go/xcrypto/xrand/bytes.go:24.57,25.14 1 1
git.sr.ht/~jamesponddotco/xstd-go/xcrypto/xrand/bytes.go:25.14,27.3 1 1
git.sr.ht/~jamesponddotco/xstd-go/xcrypto/xrand/bytes.go:29.2,33.16 4 1
git.sr.ht/~jamesponddotco/xstd-go/xcrypto/xrand/bytes.go:33.16,36.4 1 1
git.sr.ht/~jamesponddotco/xstd-go/xcrypto/xrand/bytes.go:39.2,39.23 1 1
git.sr.ht/~jamesponddotco/xstd-go/xcrypto/xrand/int.go:13.20,15.2 1 1
git.sr.ht/~jamesponddotco/xstd-go/xcrypto/xrand/int.go:20.48,21.19 1 1
git.sr.ht/~jamesponddotco/xstd-go/xcrypto/xrand/int.go:21.19,23.3 1 1
git.sr.ht/~jamesponddotco/xstd-go/xcrypto/xrand/int.go:25.2,31.16 3 1
git.sr.ht/~jamesponddotco/xstd-go/xcrypto/xrand/int.go:31.16,32.13 1 0
git.sr.ht/~jamesponddotco/xstd-go/xcrypto/xrand/int.go:35.2,36.16 2 1
git.sr.ht/~jamesponddotco/xstd-go/xcrypto/xrand/int.go:36.16,37.13 1 0
git.sr.ht/~jamesponddotco/xstd-go/xcrypto/xrand/int.go:40.2,41.16 2 1
git.sr.ht/~jamesponddotco/xstd-go/xcrypto/xrand/int.go:41.16,42.13 1 0
git.sr.ht/~jamesponddotco/xstd-go/xcrypto/xrand/int.go:45.2,51.22 4 1
git.sr.ht/~jamesponddotco/xstd-go/xcrypto/xrand/shuffle.go:11.46,12.19 1 1
git.sr.ht/~jamesponddotco/xstd-go/xcrypto/xrand/shuffle.go:12.19,14.3 1 1
git.sr.ht/~jamesponddotco/xstd-go/xcrypto/xrand/shuffle.go:16.2,16.36 1 1
git.sr.ht/~jamesponddotco/xstd-go/xcrypto/xrand/shuffle.go:16.36,18.17 2 1
git.sr.ht/~jamesponddotco/xstd-go/xcrypto/xrand/shuffle.go:18.17,19.14 1 1
git.sr.ht/~jamesponddotco/xstd-go/xcrypto/xrand/shuffle.go:22.3,22.50 1 1
git.sr.ht/~jamesponddotco/xstd-go/xcrypto/xrand/source.go:31.44,34.47 2 1
git.sr.ht/~jamesponddotco/xstd-go/xcrypto/xrand/source.go:34.47,36.3 1 0
git.sr.ht/~jamesponddotco/xstd-go/xcrypto/xrand/source.go:38.2,39.16 2 1
git.sr.ht/~jamesponddotco/xstd-go/xcrypto/xrand/source.go:39.16,41.3 1 0
git.sr.ht/~jamesponddotco/xstd-go/xcrypto/xrand/source.go:43.2,47.8 2 1
git.sr.ht/~jamesponddotco/xstd-go/xcrypto/xrand/source.go:51.36,58.2 4 1
git.sr.ht/~jamesponddotco/xstd-go/xcrypto/xrand/source.go:61.34,63.2 1 1
git.sr.ht/~jamesponddotco/xstd-go/xcrypto/xrand/source.go:66.32,67.38 1 1
git.sr.ht/~jamesponddotco/xstd-go/xhash/xfnv/xfnv.go:22.32,23.15 1 1
git.sr.ht/~jamesponddotco/xstd-go/xhash/xfnv/xfnv.go:23.15,25.3 1 1
git.sr.ht/~jamesponddotco/xstd-go/xhash/xfnv/xfnv.go:27.2,32.30 2 1
git.sr.ht/~jamesponddotco/xstd-go/xhash/xfnv/xfnv.go:32.30,35.3 2 1
git.sr.ht/~jamesponddotco/xstd-go/xhash/xfnv/xfnv.go:37.2,37.37 1 1
git.sr.ht/~jamesponddotco/xstd-go/xcrypto/xtls/config.go:11.34,22.2 1 1
git.sr.ht/~jamesponddotco/xstd-go/xcrypto/xtls/config.go:28.40,30.2 1 1
git.sr.ht/~jamesponddotco/xstd-go/xcrypto/xtls/config.go:36.39,47.2 1 1
git.sr.ht/~jamesponddotco/xstd-go/xcrypto/xtls/config.go:53.45,65.2 1 1
git.sr.ht/~jamesponddotco/xstd-go/xcrypto/xtls/config.go:71.37,80.2 1 1
git.sr.ht/~jamesponddotco/xstd-go/xnet/dialer.go:22.30,27.2 1 1
git.sr.ht/~jamesponddotco/xstd-go/xnet/xurl/xurl.go:13.47,15.16 2 1
git.sr.ht/~jamesponddotco/xstd-go/xnet/xurl/xurl.go:15.16,17.3 1 1
git.sr.ht/~jamesponddotco/xstd-go/xnet/xurl/xurl.go:19.2,23.62 3 1
git.sr.ht/~jamesponddotco/xstd-go/xnet/xurl/xurl.go:23.62,25.3 1 1
git.sr.ht/~jamesponddotco/xstd-go/xnet/xurl/xurl.go:27.2,27.30 1 1
git.sr.ht/~jamesponddotco/xstd-go/xnet/xurl/xurl.go:27.30,29.3 1 1
git.sr.ht/~jamesponddotco/xstd-go/xnet/xurl/xurl.go:31.2,32.25 2 1
git.sr.ht/~jamesponddotco/xstd-go/xnet/xurl/xurl.go:32.25,34.3 1 1
git.sr.ht/~jamesponddotco/xstd-go/xnet/xurl/xurl.go:36.2,38.32 2 1
git.sr.ht/~jamesponddotco/xstd-go/xnet/xhttp/xhttputil/xhttputil.go:18.54,25.29 2 1
git.sr.ht/~jamesponddotco/xstd-go/xnet/xhttp/xhttputil/xhttputil.go:25.29,28.52 2 1
git.sr.ht/~jamesponddotco/xstd-go/xnet/xhttp/xhttputil/xhttputil.go:28.52,31.19 2 1
git.sr.ht/~jamesponddotco/xstd-go/xnet/xhttp/xhttputil/xhttputil.go:31.19,33.5 1 1
git.sr.ht/~jamesponddotco/xstd-go/xnet/xhttp/xhttputil/xhttputil.go:37.2,37.51 1 1
git.sr.ht/~jamesponddotco/xstd-go/xos/env.go:14.42,16.27 2 1
git.sr.ht/~jamesponddotco/xstd-go/xos/env.go:16.27,18.3 1 1
git.sr.ht/~jamesponddotco/xstd-go/xos/env.go:20.2,20.14 1 1
git.sr.ht/~jamesponddotco/xstd-go/xos/env.go:28.46,30.27 2 1
git.sr.ht/~jamesponddotco/xstd-go/xos/env.go:30.27,32.3 1 1
git.sr.ht/~jamesponddotco/xstd-go/xos/env.go:34.2,35.16 2 1
git.sr.ht/~jamesponddotco/xstd-go/xos/env.go:35.16,37.3 1 1
git.sr.ht/~jamesponddotco/xstd-go/xos/env.go:39.2,39.17 1 1
git.sr.ht/~jamesponddotco/xstd-go/xos/env.go:47.49,49.27 2 1
git.sr.ht/~jamesponddotco/xstd-go/xos/env.go:49.27,51.3 1 1
git.sr.ht/~jamesponddotco/xstd-go/xos/env.go:53.2,54.16 2 1
git.sr.ht/~jamesponddotco/xstd-go/xos/env.go:54.16,56.3 1 1
git.sr.ht/~jamesponddotco/xstd-go/xos/env.go:58.2,58.18 1 1
git.sr.ht/~jamesponddotco/xstd-go/xos/env.go:66.71,68.27 2 1
git.sr.ht/~jamesponddotco/xstd-go/xos/env.go:68.27,70.3 1 1
git.sr.ht/~jamesponddotco/xstd-go/xos/env.go:72.2,73.16 2 1
git.sr.ht/~jamesponddotco/xstd-go/xos/env.go:73.16,75.3 1 1
git.sr.ht/~jamesponddotco/xstd-go/xos/env.go:77.2,77.22 1 1
git.sr.ht/~jamesponddotco/xstd-go/xunsafe/conversion.go:12.41,14.2 1 1
git.sr.ht/~jamesponddotco/xstd-go/xunsafe/conversion.go:19.39,20.15 1 1
git.sr.ht/~jamesponddotco/xstd-go/xunsafe/conversion.go:20.15,22.3 1 1
git.sr.ht/~jamesponddotco/xstd-go/xunsafe/conversion.go:24.2,33.14 7 1
git.sr.ht/~jamesponddotco/xstd-go/xstrings/strings.go:21.37,22.15 1 1
git.sr.ht/~jamesponddotco/xstd-go/xstrings/strings.go:22.15,24.3 1 1
git.sr.ht/~jamesponddotco/xstd-go/xstrings/strings.go:26.2,30.24 3 1
git.sr.ht/~jamesponddotco/xstd-go/xstrings/strings.go:30.24,32.3 1 1
git.sr.ht/~jamesponddotco/xstd-go/xstrings/strings.go:34.2,36.24 2 1
git.sr.ht/~jamesponddotco/xstd-go/xstrings/strings.go:36.24,37.17 1 1
git.sr.ht/~jamesponddotco/xstd-go/xstrings/strings.go:37.17,39.4 1 1
git.sr.ht/~jamesponddotco/xstd-go/xstrings/strings.go:42.2,42.25 1 1
git.sr.ht/~jamesponddotco/xstd-go/xstrings/strings.go:47.33,50.17 2 1
git.sr.ht/~jamesponddotco/xstd-go/xstrings/strings.go:50.17,52.3 1 1
git.sr.ht/~jamesponddotco/xstd-go/xstrings/strings.go:54.2,55.30 2 1
git.sr.ht/~jamesponddotco/xstd-go/xstrings/strings.go:55.30,57.3 1 1
git.sr.ht/~jamesponddotco/xstd-go/xstrings/strings.go:59.2,60.30 2 1
git.sr.ht/~jamesponddotco/xstd-go/xstrings/strings.go:60.30,62.3 1 1
git.sr.ht/~jamesponddotco/xstd-go/xstrings/strings.go:64.2,64.36 1 1
git.sr.ht/~jamesponddotco/xstd-go/xstrings/strings.go:68.64,71.17 2 1
git.sr.ht/~jamesponddotco/xstd-go/xstrings/strings.go:71.17,73.3 1 1
git.sr.ht/~jamesponddotco/xstd-go/xstrings/strings.go:75.2,76.30 2 1
git.sr.ht/~jamesponddotco/xstd-go/xstrings/strings.go:76.30,78.3 1 1
git.sr.ht/~jamesponddotco/xstd-go/xstrings/strings.go:80.2,83.30 3 1
git.sr.ht/~jamesponddotco/xstd-go/xstrings/strings.go:83.30,86.19 2 1
git.sr.ht/~jamesponddotco/xstd-go/xstrings/strings.go:86.19,88.4 1 1
git.sr.ht/~jamesponddotco/xstd-go/xstrings/strings.go:91.2,91.36 1 1
git.sr.ht/~jamesponddotco/xstd-go/xnet/xhttp/client.go:18.52,19.18 1 1
git.sr.ht/~jamesponddotco/xstd-go/xnet/xhttp/client.go:19.18,21.3 1 1
git.sr.ht/~jamesponddotco/xstd-go/xnet/xhttp/client.go:23.2,25.69 1 1
git.sr.ht/~jamesponddotco/xstd-go/xnet/xhttp/client.go:25.69,27.4 1 1
git.sr.ht/~jamesponddotco/xstd-go/xnet/xhttp/errors.go:25.39,27.2 1 1
git.sr.ht/~jamesponddotco/xstd-go/xnet/xhttp/errors.go:31.95,37.39 4 1
git.sr.ht/~jamesponddotco/xstd-go/xnet/xhttp/errors.go:37.39,48.3 3 0
git.sr.ht/~jamesponddotco/xstd-go/xnet/xhttp/errors.go:50.2,56.3 1 1
git.sr.ht/~jamesponddotco/xstd-go/xnet/xhttp/ip.go:30.50,31.16 1 1
git.sr.ht/~jamesponddotco/xstd-go/xnet/xhttp/ip.go:31.16,33.3 1 1
git.sr.ht/~jamesponddotco/xstd-go/xnet/xhttp/ip.go:35.2,37.19 2 1
git.sr.ht/~jamesponddotco/xstd-go/xnet/xhttp/ip.go:37.19,41.17 2 1
git.sr.ht/~jamesponddotco/xstd-go/xnet/xhttp/ip.go:41.17,43.4 1 1
git.sr.ht/~jamesponddotco/xstd-go/xnet/xhttp/ip.go:45.3,45.17 1 1
git.sr.ht/~jamesponddotco/xstd-go/xnet/xhttp/ip.go:48.2,54.28 2 1
git.sr.ht/~jamesponddotco/xstd-go/xnet/xhttp/ip.go:54.28,56.3 1 1
git.sr.ht/~jamesponddotco/xstd-go/xnet/xhttp/ip.go:58.2,58.16 1 1
git.sr.ht/~jamesponddotco/xstd-go/xnet/xhttp/response.go:22.51,23.17 1 1
git.sr.ht/~jamesponddotco/xstd-go/xnet/xhttp/response.go:23.17,25.3 1 1
git.sr.ht/~jamesponddotco/xstd-go/xnet/xhttp/response.go:27.2,28.16 2 1
git.sr.ht/~jamesponddotco/xstd-go/xnet/xhttp/response.go:28.16,30.3 1 1
git.sr.ht/~jamesponddotco/xstd-go/xnet/xhttp/response.go:32.2,32.41 1 1
git.sr.ht/~jamesponddotco/xstd-go/xnet/xhttp/response.go:32.41,34.3 1 1
git.sr.ht/~jamesponddotco/xstd-go/xnet/xhttp/response.go:36.2,36.12 1 1
git.sr.ht/~jamesponddotco/xstd-go/xnet/xhttp/transport.go:34.37,47.2 1 1
git.sr.ht/~jamesponddotco/xstd-go/xnet/xhttp/xmiddleware/accept_requests.go:13.92,14.71 1 1
git.sr.ht/~jamesponddotco/xstd-go/xnet/xhttp/xmiddleware/accept_requests.go:14.71,15.34 1 1
git.sr.ht/~jamesponddotco/xstd-go/xnet/xhttp/xmiddleware/accept_requests.go:15.34,16.26 1 1
git.sr.ht/~jamesponddotco/xstd-go/xnet/xhttp/xmiddleware/accept_requests.go:16.26,20.5 2 1
git.sr.ht/~jamesponddotco/xstd-go/xnet/xhttp/xmiddleware/accept_requests.go:23.3,30.41 3 1
git.sr.ht/~jamesponddotco/xstd-go/xnet/xhttp/xmiddleware/access_log.go:19.63,22.2 2 1
git.sr.ht/~jamesponddotco/xstd-go/xnet/xhttp/xmiddleware/access_log.go:26.69,27.71 1 1
git.sr.ht/~jamesponddotco/xstd-go/xnet/xhttp/xmiddleware/access_log.go:27.71,50.3 3 1
git.sr.ht/~jamesponddotco/xstd-go/xnet/xhttp/xmiddleware/cors.go:45.38,63.2 1 1
git.sr.ht/~jamesponddotco/xstd-go/xnet/xhttp/xmiddleware/cors.go:67.84,68.19 1 1
git.sr.ht/~jamesponddotco/xstd-go/xnet/xhttp/xmiddleware/cors.go:68.19,70.3 1 1
git.sr.ht/~jamesponddotco/xstd-go/xnet/xhttp/xmiddleware/cors.go:72.2,72.71 1 1
git.sr.ht/~jamesponddotco/xstd-go/xnet/xhttp/xmiddleware/cors.go:72.71,79.43 2 1
git.sr.ht/~jamesponddotco/xstd-go/xnet/xhttp/xmiddleware/cors.go:79.43,80.16 1 1
git.sr.ht/~jamesponddotco/xstd-go/xnet/xhttp/xmiddleware/cors.go:80.16,83.10 2 1
git.sr.ht/~jamesponddotco/xstd-go/xnet/xhttp/xmiddleware/cors.go:87.3,87.27 1 1
git.sr.ht/~jamesponddotco/xstd-go/xnet/xhttp/xmiddleware/cors.go:87.27,88.44 1 1
git.sr.ht/~jamesponddotco/xstd-go/xnet/xhttp/xmiddleware/cors.go:88.44,89.20 1 1
git.sr.ht/~jamesponddotco/xstd-go/xnet/xhttp/xmiddleware/cors.go:89.20,92.11 2 1
git.sr.ht/~jamesponddotco/xstd-go/xnet/xhttp/xmiddleware/cors.go:97.3,97.27 1 1
git.sr.ht/~jamesponddotco/xstd-go/xnet/xhttp/xmiddleware/cors.go:97.27,113.4 4 1
git.sr.ht/~jamesponddotco/xstd-go/xnet/xhttp/xmiddleware/cors.go:115.3,121.30 5 1
git.sr.ht/~jamesponddotco/xstd-go/xnet/xhttp/xmiddleware/cors.go:121.30,122.40 1 1
git.sr.ht/~jamesponddotco/xstd-go/xnet/xhttp/xmiddleware/cors.go:122.40,124.5 1 1
git.sr.ht/~jamesponddotco/xstd-go/xnet/xhttp/xmiddleware/cors.go:124.10,131.5 1 1
git.sr.ht/~jamesponddotco/xstd-go/xnet/xhttp/xmiddleware/cors.go:134.3,134.24 1 1
git.sr.ht/~jamesponddotco/xstd-go/xnet/xhttp/xmiddleware/cors.go:134.24,136.4 1 1
git.sr.ht/~jamesponddotco/xstd-go/xnet/xhttp/xmiddleware/cors.go:138.3,138.37 1 1
git.sr.ht/~jamesponddotco/xstd-go/xnet/xhttp/xmiddleware/cors.go:138.37,142.4 2 1
git.sr.ht/~jamesponddotco/xstd-go/xnet/xhttp/xmiddleware/cors.go:144.3,144.23 1 1
git.sr.ht/~jamesponddotco/xstd-go/xnet/xhttp/xmiddleware/header.go:11.69,12.71 1 1
git.sr.ht/~jamesponddotco/xstd-go/xnet/xhttp/xmiddleware/header.go:12.71,13.26 1 1
git.sr.ht/~jamesponddotco/xstd-go/xnet/xhttp/xmiddleware/header.go:13.26,22.4 3 1
git.sr.ht/~jamesponddotco/xstd-go/xnet/xhttp/xmiddleware/header.go:24.3,24.23 1 1
git.sr.ht/~jamesponddotco/xstd-go/xnet/xhttp/xmiddleware/header.go:29.64,30.71 1 1
git.sr.ht/~jamesponddotco/xstd-go/xnet/xhttp/xmiddleware/header.go:30.71,34.3 2 1
git.sr.ht/~jamesponddotco/xstd-go/xnet/xhttp/xmiddleware/header.go:38.65,39.71 1 1
git.sr.ht/~jamesponddotco/xstd-go/xnet/xhttp/xmiddleware/header.go:39.71,43.3 2 1
git.sr.ht/~jamesponddotco/xstd-go/xnet/xhttp/xmiddleware/panic.go:12.73,13.71 1 1
git.sr.ht/~jamesponddotco/xstd-go/xnet/xhttp/xmiddleware/panic.go:13.71,14.16 1 1
git.sr.ht/~jamesponddotco/xstd-go/xnet/xhttp/xmiddleware/panic.go:14.16,15.36 1 1
git.sr.ht/~jamesponddotco/xstd-go/xnet/xhttp/xmiddleware/panic.go:15.36,29.5 3 1
git.sr.ht/~jamesponddotco/xstd-go/xnet/xhttp/xmiddleware/panic.go:32.3,32.23 1 1
git.sr.ht/~jamesponddotco/xstd-go/xnet/xhttp/xmiddleware/xmiddleware.go:7.95,8.41 1 1
git.sr.ht/~jamesponddotco/xstd-go/xnet/xhttp/xmiddleware/xmiddleware.go:8.41,10.3 1 1
git.sr.ht/~jamesponddotco/xstd-go/xnet/xhttp/xmiddleware/xmiddleware.go:12.2,12.16 1 1
git.sr.ht/~jamesponddotco/xstd-go/xcrypto/xargon2/xargon2.go:56.33,63.2 1 1
git.sr.ht/~jamesponddotco/xstd-go/xcrypto/xargon2/xargon2.go:67.73,69.21 2 1
git.sr.ht/~jamesponddotco/xstd-go/xcrypto/xargon2/xargon2.go:69.21,71.3 1 1
git.sr.ht/~jamesponddotco/xstd-go/xcrypto/xargon2/xargon2.go:73.2,76.16 3 1
git.sr.ht/~jamesponddotco/xstd-go/xcrypto/xargon2/xargon2.go:76.16,78.3 1 1
git.sr.ht/~jamesponddotco/xstd-go/xcrypto/xargon2/xargon2.go:80.2,86.16 3 1
git.sr.ht/~jamesponddotco/xstd-go/xcrypto/xargon2/xargon2.go:86.16,88.3 1 1
git.sr.ht/~jamesponddotco/xstd-go/xcrypto/xargon2/xargon2.go:90.2,91.16 2 1
git.sr.ht/~jamesponddotco/xstd-go/xcrypto/xargon2/xargon2.go:91.16,93.3 1 1
git.sr.ht/~jamesponddotco/xstd-go/xcrypto/xargon2/xargon2.go:95.2,100.19 2 1
git.sr.ht/~jamesponddotco/xstd-go/xcrypto/xargon2/xargon2.go:100.19,102.3 1 1
git.sr.ht/~jamesponddotco/xstd-go/xcrypto/xargon2/xargon2.go:104.2,106.57 2 1
git.sr.ht/~jamesponddotco/xstd-go/xcrypto/xargon2/xargon2.go:106.57,108.3 1 1
git.sr.ht/~jamesponddotco/xstd-go/xcrypto/xargon2/xargon2.go:110.2,110.12 1 1
git.sr.ht/~jamesponddotco/xstd-go/xcrypto/xargon2/xargon2.go:118.95,119.17 1 1
git.sr.ht/~jamesponddotco/xstd-go/xcrypto/xargon2/xargon2.go:119.17,121.3 1 1
git.sr.ht/~jamesponddotco/xstd-go/xcrypto/xargon2/xargon2.go:123.2,128.19 2 1
git.sr.ht/~jamesponddotco/xstd-go/xcrypto/xargon2/xargon2.go:128.19,130.3 1 1
git.sr.ht/~jamesponddotco/xstd-go/xcrypto/xargon2/xargon2.go:132.2,145.3 2 1
