mode: set
git.sr.ht/~jamesponddotco/xstd-go/xcrypto/xrand/bytes.go:19.29,21.2 1 1
git.sr.ht/~jamesponddotco/xstd-go/xcrypto/xrand/bytes.go:24.57,25.14 1 1
git.sr.ht/~jamesponddotco/xstd-go/xcrypto/xrand/bytes.go:25.14,27.3 1 1
git.sr.ht/~jamesponddotco/xstd-go/xcrypto/xrand/bytes.go:29.2,33.16 4 1
git.sr.ht/~jamesponddotco/xstd-go/xcrypto/xrand/bytes.go:33.16,36.4 1 1
git.sr.ht/~jamesponddotco/xstd-go/xcrypto/xrand/bytes.go:39.2,39.23 1 1
git.sr.ht/~jamesponddotco/xstd-go/xcrypto/xrand/int.go:13.20,15.2 1 1
git.sr.ht/~jamesponddotco/xstd-go/xcrypto/xrand/int.go:20.48,21.19 1 1
git.sr.ht/~jamesponddotco/xstd-go/xcrypto/xrand/int.go:21.19,23.3 1 1
git.sr.ht/~jamesponddotco/xstd-go/xcrypto/xrand/int.go:25.2,31.16 3 1
git.sr.ht/~jamesponddotco/xstd-go/xcrypto/xrand/int.go:31.16,32.13 1 0
git.sr.ht/~jamesponddotco/xstd-go/xcrypto/xrand/int.go:35.2,36.16 2 1
git.sr.ht/~jamesponddotco/xstd-go/xcrypto/xrand/int.go:36.16,37.13 1 0
git.sr.ht/~jamesponddotco/xstd-go/xcrypto/xrand/int.go:40.2,41.16 2 1
git.sr.ht/~jamesponddotco/xstd-go/xcrypto/xrand/int.go:41.16,42.13 1 0
git.sr.ht/~jamesponddotco/xstd-go/xcrypto/xrand/int.go:45.2,51.22 4 1
git.sr.ht/~jamesponddotco/xstd-go/xcrypto/xrand/shuffle.go:11.46,12.19 1 1
git.sr.ht/~jamesponddotco/xstd-go/xcrypto/xrand/shuffle.go:12.19,14.3 1 1
git.sr.ht/~jamesponddotco/xstd-go/xcrypto/xrand/shuffle.go:16.2,16.36 1 1
git.sr.ht/~jamesponddotco/xstd-go/xcrypto/xrand/shuffle.go:16.36,18.17 2 1
git.sr.ht/~jamesponddotco/xstd-go/xcrypto/xrand/shuffle.go:18.17,19.14 1 1
git.sr.ht/~jamesponddotco/xstd-go/xcrypto/xrand/shuffle.go:22.3,22.50 1 1
git.sr.ht/~jamesponddotco/xstd-go/xcrypto/xrand/source.go:31.44,34.47 2 1
git.sr.ht/~jamesponddotco/xstd-go/xcrypto/xrand/source.go:34.47,36.3 1 0
git.sr.ht/~jamesponddotco/xstd-go/xcrypto/xrand/source.go:38.2,39.16 2 1
git.sr.ht/~jamesponddotco/xstd-go/xcrypto/xrand/source.go:39.16,41.3 1 0
git.sr.ht/~jamesponddotco/xstd-go/xcrypto/xrand/source.go:43.2,47.8 2 1
git.sr.ht/~jamesponddotco/xstd-go/xcrypto/xrand/source.go:51.36,58.2 4 1
git.sr.ht/~jamesponddotco/xstd-go/xcrypto/xrand/source.go:61.34,63.2 1 1
git.sr.ht/~jamesponddotco/xstd-go/xcrypto/xrand/source.go:66.32,67.38 1 1
git.sr.ht/~jamesponddotco/xstd-go/xlog/zero.go:22.54,26.2 3 1
git.sr.ht/~jamesponddotco/xstd-go/xlog/zero.go:30.38,32.2 1 1
git.sr.ht/~jamesponddotco/xstd-go/xerrors/error.go:9.31,11.2 1 1
git.sr.ht/~jamesponddotco/xstd-go/xcrypto/xuuid/xuuid.go:26.26,30.16 3 1
git.sr.ht/~jamesponddotco/xstd-go/xcrypto/xuuid/xuuid.go:30.16,32.3 1 1
git.sr.ht/~jamesponddotco/xstd-go/xcrypto/xuuid/xuuid.go:34.2,37.18 3 1
git.sr.ht/~jamesponddotco/xstd-go/xcrypto/xuuid/xuuid.go:41.31,44.26 2 1
git.sr.ht/~jamesponddotco/xstd-go/xcrypto/xuuid/xuuid.go:44.26,45.44 1 1
git.sr.ht/~jamesponddotco/xstd-go/xcrypto/xuuid/xuuid.go:45.44,47.4 1 1
git.sr.ht/~jamesponddotco/xstd-go/xcrypto/xuuid/xuuid.go:49.3,49.64 1 1
git.sr.ht/~jamesponddotco/xstd-go/xcrypto/xuuid/xuuid.go:52.2,52.20 1 1
git.sr.ht/~jamesponddotco/xstd-go/xhash/xfnv/xfnv.go:22.32,23.15 1 1
git.sr.ht/~jamesponddotco/xstd-go/xhash/xfnv/xfnv.go:23.15,25.3 1 1
git.sr.ht/~jamesponddotco/xstd-go/xhash/xfnv/xfnv.go:27.2,32.30 2 1
git.sr.ht/~jamesponddotco/xstd-go/xhash/xfnv/xfnv.go:32.30,35.3 2 1
git.sr.ht/~jamesponddotco/xstd-go/xhash/xfnv/xfnv.go:37.2,37.37 1 1
git.sr.ht/~jamesponddotco/xstd-go/xcrypto/xtls/config.go:11.34,22.2 1 1
git.sr.ht/~jamesponddotco/xstd-go/xcrypto/xtls/config.go:28.40,30.2 1 1
git.sr.ht/~jamesponddotco/xstd-go/xcrypto/xtls/config.go:36.39,47.2 1 1
git.sr.ht/~jamesponddotco/xstd-go/xcrypto/xtls/config.go:53.45,65.2 1 1
git.sr.ht/~jamesponddotco/xstd-go/xcrypto/xtls/config.go:71.37,80.2 1 1
git.sr.ht/~jamesponddotco/xstd-go/xlog/xslog/adapter.go:22.57,32.2 3 1
git.sr.ht/~jamesponddotco/xstd-go/xmath/xrand/rand.go:17.27,25.2 2 1
git.sr.ht/~jamesponddotco/xstd-go/xos/env.go:14.42,16.27 2 1
git.sr.ht/~jamesponddotco/xstd-go/xos/env.go:16.27,18.3 1 1
git.sr.ht/~jamesponddotco/xstd-go/xos/env.go:20.2,20.14 1 1
git.sr.ht/~jamesponddotco/xstd-go/xos/env.go:28.46,30.27 2 1
git.sr.ht/~jamesponddotco/xstd-go/xos/env.go:30.27,32.3 1 1
git.sr.ht/~jamesponddotco/xstd-go/xos/env.go:34.2,35.16 2 1
git.sr.ht/~jamesponddotco/xstd-go/xos/env.go:35.16,37.3 1 1
git.sr.ht/~jamesponddotco/xstd-go/xos/env.go:39.2,39.17 1 1
git.sr.ht/~jamesponddotco/xstd-go/xos/env.go:47.49,49.27 2 1
git.sr.ht/~jamesponddotco/xstd-go/xos/env.go:49.27,51.3 1 1
git.sr.ht/~jamesponddotco/xstd-go/xos/env.go:53.2,54.16 2 1
git.sr.ht/~jamesponddotco/xstd-go/xos/env.go:54.16,56.3 1 1
git.sr.ht/~jamesponddotco/xstd-go/xos/env.go:58.2,58.18 1 1
git.sr.ht/~jamesponddotco/xstd-go/xos/env.go:66.71,68.27 2 1
git.sr.ht/~jamesponddotco/xstd-go/xos/env.go:68.27,70.3 1 1
git.sr.ht/~jamesponddotco/xstd-go/xos/env.go:72.2,73.16 2 1
git.sr.ht/~jamesponddotco/xstd-go/xos/env.go:73.16,75.3 1 1
git.sr.ht/~jamesponddotco/xstd-go/xos/env.go:77.2,77.22 1 1
git.sr.ht/~jamesponddotco/xstd-go/xslices/xslices.go:5.52,6.26 1 1
git.sr.ht/~jamesponddotco/xstd-go/xslices/xslices.go:6.26,7.13 1 1
git.sr.ht/~jamesponddotco/xstd-go/xslices/xslices.go:7.13,9.4 1 1
git.sr.ht/~jamesponddotco/xstd-go/xslices/xslices.go:12.2,12.14 1 1
git.sr.ht/~jamesponddotco/xstd-go/xslices/xslices.go:16.43,17.26 1 1
git.sr.ht/~jamesponddotco/xstd-go/xslices/xslices.go:17.26,18.13 1 1
git.sr.ht/~jamesponddotco/xstd-go/xslices/xslices.go:18.13,20.4 1 1
git.sr.ht/~jamesponddotco/xstd-go/xslices/xslices.go:23.2,23.14 1 1
git.sr.ht/~jamesponddotco/xstd-go/xnet/xhttp/ip.go:30.50,31.16 1 1
git.sr.ht/~jamesponddotco/xstd-go/xnet/xhttp/ip.go:31.16,33.3 1 1
git.sr.ht/~jamesponddotco/xstd-go/xnet/xhttp/ip.go:35.2,37.19 2 1
git.sr.ht/~jamesponddotco/xstd-go/xnet/xhttp/ip.go:37.19,41.17 2 1
git.sr.ht/~jamesponddotco/xstd-go/xnet/xhttp/ip.go:41.17,43.4 1 1
git.sr.ht/~jamesponddotco/xstd-go/xnet/xhttp/ip.go:45.3,45.17 1 1
git.sr.ht/~jamesponddotco/xstd-go/xnet/xhttp/ip.go:48.2,54.28 2 1
git.sr.ht/~jamesponddotco/xstd-go/xnet/xhttp/ip.go:54.28,56.3 1 1
git.sr.ht/~jamesponddotco/xstd-go/xnet/xhttp/ip.go:58.2,58.16 1 1
git.sr.ht/~jamesponddotco/xstd-go/xnet/xurl/xurl.go:13.47,15.16 2 1
git.sr.ht/~jamesponddotco/xstd-go/xnet/xurl/xurl.go:15.16,17.3 1 1
git.sr.ht/~jamesponddotco/xstd-go/xnet/xurl/xurl.go:19.2,23.62 3 1
git.sr.ht/~jamesponddotco/xstd-go/xnet/xurl/xurl.go:23.62,25.3 1 1
git.sr.ht/~jamesponddotco/xstd-go/xnet/xurl/xurl.go:27.2,27.30 1 1
git.sr.ht/~jamesponddotco/xstd-go/xnet/xurl/xurl.go:27.30,29.3 1 1
git.sr.ht/~jamesponddotco/xstd-go/xnet/xurl/xurl.go:31.2,32.25 2 1
git.sr.ht/~jamesponddotco/xstd-go/xnet/xurl/xurl.go:32.25,34.3 1 1
git.sr.ht/~jamesponddotco/xstd-go/xnet/xurl/xurl.go:36.2,38.32 2 1
git.sr.ht/~jamesponddotco/xstd-go/xnet/xhttp/xhttputil/xhttputil.go:18.54,25.29 2 1
git.sr.ht/~jamesponddotco/xstd-go/xnet/xhttp/xhttputil/xhttputil.go:25.29,28.52 2 1
git.sr.ht/~jamesponddotco/xstd-go/xnet/xhttp/xhttputil/xhttputil.go:28.52,31.19 2 1
git.sr.ht/~jamesponddotco/xstd-go/xnet/xhttp/xhttputil/xhttputil.go:31.19,33.5 1 1
git.sr.ht/~jamesponddotco/xstd-go/xnet/xhttp/xhttputil/xhttputil.go:37.2,37.51 1 1
git.sr.ht/~jamesponddotco/xstd-go/xstrings/strings.go:21.39,22.13 1 1
git.sr.ht/~jamesponddotco/xstd-go/xstrings/strings.go:22.13,24.3 1 1
git.sr.ht/~jamesponddotco/xstd-go/xstrings/strings.go:26.2,26.22 1 1
git.sr.ht/~jamesponddotco/xstd-go/xstrings/strings.go:26.22,27.36 1 1
git.sr.ht/~jamesponddotco/xstd-go/xstrings/strings.go:27.36,29.4 1 1
git.sr.ht/~jamesponddotco/xstd-go/xstrings/strings.go:32.2,32.13 1 1
git.sr.ht/~jamesponddotco/xstd-go/xstrings/strings.go:36.37,37.15 1 1
git.sr.ht/~jamesponddotco/xstd-go/xstrings/strings.go:37.15,39.3 1 1
git.sr.ht/~jamesponddotco/xstd-go/xstrings/strings.go:41.2,45.24 3 1
git.sr.ht/~jamesponddotco/xstd-go/xstrings/strings.go:45.24,46.36 1 1
git.sr.ht/~jamesponddotco/xstd-go/xstrings/strings.go:46.36,48.4 1 1
git.sr.ht/~jamesponddotco/xstd-go/xstrings/strings.go:51.2,51.25 1 1
git.sr.ht/~jamesponddotco/xstd-go/xstrings/strings.go:56.33,59.17 2 1
git.sr.ht/~jamesponddotco/xstd-go/xstrings/strings.go:59.17,61.3 1 1
git.sr.ht/~jamesponddotco/xstd-go/xstrings/strings.go:63.2,64.30 2 1
git.sr.ht/~jamesponddotco/xstd-go/xstrings/strings.go:64.30,66.3 1 1
git.sr.ht/~jamesponddotco/xstd-go/xstrings/strings.go:68.2,69.30 2 1
git.sr.ht/~jamesponddotco/xstd-go/xstrings/strings.go:69.30,71.3 1 1
git.sr.ht/~jamesponddotco/xstd-go/xstrings/strings.go:73.2,73.36 1 1
git.sr.ht/~jamesponddotco/xstd-go/xstrings/strings.go:77.64,80.17 2 1
git.sr.ht/~jamesponddotco/xstd-go/xstrings/strings.go:80.17,82.3 1 1
git.sr.ht/~jamesponddotco/xstd-go/xstrings/strings.go:84.2,85.30 2 1
git.sr.ht/~jamesponddotco/xstd-go/xstrings/strings.go:85.30,87.3 1 1
git.sr.ht/~jamesponddotco/xstd-go/xstrings/strings.go:89.2,92.30 3 1
git.sr.ht/~jamesponddotco/xstd-go/xstrings/strings.go:92.30,95.19 2 1
git.sr.ht/~jamesponddotco/xstd-go/xstrings/strings.go:95.19,97.4 1 1
git.sr.ht/~jamesponddotco/xstd-go/xstrings/strings.go:100.2,100.36 1 1
git.sr.ht/~jamesponddotco/xstd-go/xstrings/strings.go:104.24,105.11 1 1
git.sr.ht/~jamesponddotco/xstd-go/xstrings/strings.go:105.11,107.3 1 1
git.sr.ht/~jamesponddotco/xstd-go/xstrings/strings.go:109.2,109.10 1 1
git.sr.ht/~jamesponddotco/xstd-go/xunsafe/conversion.go:12.41,14.2 1 1
git.sr.ht/~jamesponddotco/xstd-go/xunsafe/conversion.go:19.39,20.15 1 1
git.sr.ht/~jamesponddotco/xstd-go/xunsafe/conversion.go:20.15,22.3 1 1
git.sr.ht/~jamesponddotco/xstd-go/xunsafe/conversion.go:24.2,33.14 7 1
git.sr.ht/~jamesponddotco/xstd-go/xcrypto/xargon2/xargon2.go:56.33,63.2 1 1
git.sr.ht/~jamesponddotco/xstd-go/xcrypto/xargon2/xargon2.go:67.73,69.21 2 1
git.sr.ht/~jamesponddotco/xstd-go/xcrypto/xargon2/xargon2.go:69.21,71.3 1 1
git.sr.ht/~jamesponddotco/xstd-go/xcrypto/xargon2/xargon2.go:73.2,76.16 3 1
git.sr.ht/~jamesponddotco/xstd-go/xcrypto/xargon2/xargon2.go:76.16,78.3 1 1
git.sr.ht/~jamesponddotco/xstd-go/xcrypto/xargon2/xargon2.go:80.2,86.16 3 1
git.sr.ht/~jamesponddotco/xstd-go/xcrypto/xargon2/xargon2.go:86.16,88.3 1 1
git.sr.ht/~jamesponddotco/xstd-go/xcrypto/xargon2/xargon2.go:90.2,91.16 2 1
git.sr.ht/~jamesponddotco/xstd-go/xcrypto/xargon2/xargon2.go:91.16,93.3 1 1
git.sr.ht/~jamesponddotco/xstd-go/xcrypto/xargon2/xargon2.go:95.2,100.19 2 1
git.sr.ht/~jamesponddotco/xstd-go/xcrypto/xargon2/xargon2.go:100.19,102.3 1 1
git.sr.ht/~jamesponddotco/xstd-go/xcrypto/xargon2/xargon2.go:104.2,106.57 2 1
git.sr.ht/~jamesponddotco/xstd-go/xcrypto/xargon2/xargon2.go:106.57,108.3 1 1
git.sr.ht/~jamesponddotco/xstd-go/xcrypto/xargon2/xargon2.go:110.2,110.12 1 1
git.sr.ht/~jamesponddotco/xstd-go/xcrypto/xargon2/xargon2.go:118.95,119.17 1 1
git.sr.ht/~jamesponddotco/xstd-go/xcrypto/xargon2/xargon2.go:119.17,121.3 1 1
git.sr.ht/~jamesponddotco/xstd-go/xcrypto/xargon2/xargon2.go:123.2,128.19 2 1
git.sr.ht/~jamesponddotco/xstd-go/xcrypto/xargon2/xargon2.go:128.19,130.3 1 1
git.sr.ht/~jamesponddotco/xstd-go/xcrypto/xargon2/xargon2.go:132.2,145.3 2 1
